[debug] [2021-11-21T01:57:48.616Z] ----------------------------------------------------------------------
[debug] [2021-11-21T01:57:48.618Z] Command:       C:\Program Files\nodejs\node.exe C:\Users\home-desk\AppData\Roaming\npm\node_modules\firebase-tools\lib\bin\firebase.js emulators:start
[debug] [2021-11-21T01:57:48.618Z] CLI Version:   9.22.0
[debug] [2021-11-21T01:57:48.618Z] Platform:      win32
[debug] [2021-11-21T01:57:48.618Z] Node Version:  v16.10.0
[debug] [2021-11-21T01:57:48.619Z] Time:          Sat Nov 20 2021 20:57:48 GMT-0500 (Eastern Standard Time)
[debug] [2021-11-21T01:57:48.619Z] ----------------------------------------------------------------------
[debug] 
[debug] [2021-11-21T01:57:48.674Z] > command requires scopes: ["email","openid","https://www.googleapis.com/auth/cloudplatformprojects.readonly","https://www.googleapis.com/auth/firebase","https://www.googleapis.com/auth/cloud-platform"]
[debug] [2021-11-21T01:57:48.674Z] > authorizing via signed-in user (eric@fullstackeric.com)
[info] i  emulators: Starting emulators: auth, functions, firestore, hosting {"metadata":{"emulator":{"name":"hub"},"message":"Starting emulators: auth, functions, firestore, hosting"}}
[debug] [2021-11-21T01:57:48.701Z] [hub] writing locator at C:\Users\HOME-D~1\AppData\Local\Temp\hub-tidai-app.json
[warn] !  functions: The following emulators are not running, calls to these services from the Functions emulator will affect production: database, pubsub, storage {"metadata":{"emulator":{"name":"functions"},"message":"The following emulators are not running, calls to these services from the Functions emulator will affect production: \u001b[1mdatabase, pubsub, storage\u001b[22m"}}
[warn] !  Your requested "node" version "14" doesn't match your global version "16" {"metadata":{"emulator":{"name":"functions"},"message":"Your requested \"node\" version \"14\" doesn't match your global version \"16\""}}
[debug] [2021-11-21T01:57:48.744Z] defaultcredentials: writing to file C:\Users\home-desk\AppData\Roaming\firebase\eric_fullstackeric_com_application_default_credentials.json
[debug] [2021-11-21T01:57:48.745Z] Setting GAC to C:\Users\home-desk\AppData\Roaming\firebase\eric_fullstackeric_com_application_default_credentials.json {"metadata":{"emulator":{"name":"functions"},"message":"Setting GAC to C:\\Users\\home-desk\\AppData\\Roaming\\firebase\\eric_fullstackeric_com_application_default_credentials.json"}}
[debug] [2021-11-21T01:57:48.747Z] > refreshing access token with scopes: []
[debug] [2021-11-21T01:57:48.748Z] >>> HTTP REQUEST POST https://www.googleapis.com/oauth2/v3/token  
 <request body omitted>
[debug] [2021-11-21T01:57:48.881Z] <<< HTTP RESPONSE 200 {"cache-control":"no-cache, no-store, max-age=0, must-revalidate","pragma":"no-cache","date":"Sun, 21 Nov 2021 01:57:49 GMT","expires":"Mon, 01 Jan 1990 00:00:00 GMT","content-type":"application/json; charset=utf-8","vary":"X-Origin, Referer, Origin,Accept-Encoding","server":"scaffolding on HTTPServer2","x-xss-protection":"0","x-frame-options":"SAMEORIGIN","x-content-type-options":"nosniff","alt-svc":"h3=\":443\"; ma=2592000,h3-29=\":443\"; ma=2592000,h3-Q050=\":443\"; ma=2592000,h3-Q046=\":443\"; ma=2592000,h3-Q043=\":443\"; ma=2592000,quic=\":443\"; ma=2592000; v=\"46,43\"","accept-ranges":"none","transfer-encoding":"chunked"}
[debug] [2021-11-21T01:57:48.887Z] >>> [apiv2][query] GET https://firebase.googleapis.com/v1beta1/projects/tidai-app/adminSdkConfig [none]
[debug] [2021-11-21T01:57:49.201Z] <<< [apiv2][status] GET https://firebase.googleapis.com/v1beta1/projects/tidai-app/adminSdkConfig 200
[debug] [2021-11-21T01:57:49.202Z] <<< [apiv2][body] GET https://firebase.googleapis.com/v1beta1/projects/tidai-app/adminSdkConfig {"projectId":"tidai-app","storageBucket":"tidai-app.appspot.com","locationId":"us-central"}
[debug] [2021-11-21T01:57:49.212Z] Ignoring unsupported arg: projectId {"metadata":{"emulator":{"name":"firestore"},"message":"Ignoring unsupported arg: projectId"}}
[debug] [2021-11-21T01:57:49.212Z] Ignoring unsupported arg: auto_download {"metadata":{"emulator":{"name":"firestore"},"message":"Ignoring unsupported arg: auto_download"}}
[debug] [2021-11-21T01:57:49.212Z] Starting Firestore Emulator with command {"binary":"java","args":["-Dgoogle.cloud_firestore.debug_log_level=FINE","-Duser.language=en","-jar","C:\\Users\\home-desk\\.cache\\firebase\\emulators\\cloud-firestore-emulator-v1.13.1.jar","--host","localhost","--port",8080,"--rules","C:\\Users\\home-desk\\github\\hackathon\\ethGlobal\\ideamarket\\packages\\react-app\\firestore.rules","--functions_emulator","localhost:5001"],"optionalArgs":["port","webchannel_port","host","rules","functions_emulator","seed_from_export"],"joinArgs":false} {"metadata":{"emulator":{"name":"firestore"},"message":"Starting Firestore Emulator with command {\"binary\":\"java\",\"args\":[\"-Dgoogle.cloud_firestore.debug_log_level=FINE\",\"-Duser.language=en\",\"-jar\",\"C:\\\\Users\\\\home-desk\\\\.cache\\\\firebase\\\\emulators\\\\cloud-firestore-emulator-v1.13.1.jar\",\"--host\",\"localhost\",\"--port\",8080,\"--rules\",\"C:\\\\Users\\\\home-desk\\\\github\\\\hackathon\\\\ethGlobal\\\\ideamarket\\\\packages\\\\react-app\\\\firestore.rules\",\"--functions_emulator\",\"localhost:5001\"],\"optionalArgs\":[\"port\",\"webchannel_port\",\"host\",\"rules\",\"functions_emulator\",\"seed_from_export\"],\"joinArgs\":false}"}}
[info] i  firestore: Firestore Emulator logging to firestore-debug.log {"metadata":{"emulator":{"name":"firestore"},"message":"Firestore Emulator logging to \u001b[1mfirestore-debug.log\u001b[22m"}}
[debug] [2021-11-21T01:57:51.003Z] Nov 20, 2021 8:57:50 PM com.google.cloud.datastore.emulator.firestore.websocket.WebSocketServer start
INFO: Started WebSocket server on ws://localhost:61135
 {"metadata":{"emulator":{"name":"firestore"},"message":"Nov 20, 2021 8:57:50 PM com.google.cloud.datastore.emulator.firestore.websocket.WebSocketServer start\r\nINFO: Started WebSocket server on ws://localhost:61135\r\n"}}
[debug] [2021-11-21T01:57:51.031Z] API endpoint: http://localhost {"metadata":{"emulator":{"name":"firestore"},"message":"API endpoint: http://localhost"}}
[debug] [2021-11-21T01:57:51.032Z] :8080
If you are using a library that supports the FIRESTORE_EMULATOR_HOST environment variable, run:

   export FIRESTORE_EMULATOR_HOST=localhost:8080

Dev App Server is now running.

 {"metadata":{"emulator":{"name":"firestore"},"message":":8080\nIf you are using a library that supports the FIRESTORE_EMULATOR_HOST environment variable, run:\r\n\n   export FIRESTORE_EMULATOR_HOST=localhost:8080\n\nDev App Server is now running.\n\r\n"}}
[debug] [2021-11-21T01:57:53.986Z] >>> [apiv2][query] GET https://firebasehosting.googleapis.com/v1beta1/projects/tidai-app/sites 
[debug] [2021-11-21T01:57:54.316Z] <<< [apiv2][status] GET https://firebasehosting.googleapis.com/v1beta1/projects/tidai-app/sites 200
[debug] [2021-11-21T01:57:54.316Z] <<< [apiv2][body] GET https://firebasehosting.googleapis.com/v1beta1/projects/tidai-app/sites {"sites":[{"name":"projects/249014993558/sites/tidai-app","defaultUrl":"https://tidai-app.web.app","appId":"1:249014993558:web:d7e2cbbe7b4c3be52338b7","type":"DEFAULT_SITE"}]}
[debug] [2021-11-21T01:57:54.316Z] >>> [apiv2][query] GET https://firebase.googleapis.com/v1beta1/projects/tidai-app/webApps/1:249014993558:web:d7e2cbbe7b4c3be52338b7/config [none]
[debug] [2021-11-21T01:57:54.757Z] <<< [apiv2][status] GET https://firebase.googleapis.com/v1beta1/projects/tidai-app/webApps/1:249014993558:web:d7e2cbbe7b4c3be52338b7/config 200
[debug] [2021-11-21T01:57:54.757Z] <<< [apiv2][body] GET https://firebase.googleapis.com/v1beta1/projects/tidai-app/webApps/1:249014993558:web:d7e2cbbe7b4c3be52338b7/config {"projectId":"tidai-app","appId":"1:249014993558:web:d7e2cbbe7b4c3be52338b7","storageBucket":"tidai-app.appspot.com","locationId":"us-central","apiKey":"AIzaSyD0eEO9C7cjmz48pL7799SvltnRisZV53g","authDomain":"tidai-app.firebaseapp.com","messagingSenderId":"249014993558"}
[info] i  hosting: Serving hosting files from: build {"metadata":{"emulator":{"name":"hosting"},"message":"Serving hosting files from: \u001b[1mbuild\u001b[22m"}}
[info] +  hosting: Local server: http://localhost:5000 {"metadata":{"emulator":{"name":"hosting"},"message":"Local server: \u001b[4m\u001b[1mhttp://localhost:5000\u001b[22m\u001b[24m"}}
[debug] [2021-11-21T01:57:54.781Z] Ignoring unsupported arg: auto_download {"metadata":{"emulator":{"name":"ui"},"message":"Ignoring unsupported arg: auto_download"}}
[debug] [2021-11-21T01:57:54.781Z] Ignoring unsupported arg: port {"metadata":{"emulator":{"name":"ui"},"message":"Ignoring unsupported arg: port"}}
[debug] [2021-11-21T01:57:54.781Z] Starting Emulator UI with command {"binary":"node","args":["C:\\Users\\home-desk\\.cache\\firebase\\emulators\\ui-v1.6.4\\server.bundle.js"],"optionalArgs":[],"joinArgs":false} {"metadata":{"emulator":{"name":"ui"},"message":"Starting Emulator UI with command {\"binary\":\"node\",\"args\":[\"C:\\\\Users\\\\home-desk\\\\.cache\\\\firebase\\\\emulators\\\\ui-v1.6.4\\\\server.bundle.js\"],\"optionalArgs\":[],\"joinArgs\":false}"}}
[info] i  ui: Emulator UI logging to ui-debug.log {"metadata":{"emulator":{"name":"ui"},"message":"Emulator UI logging to \u001b[1mui-debug.log\u001b[22m"}}
[debug] [2021-11-21T01:57:54.899Z] Web / API server started at localhost:4000
 {"metadata":{"emulator":{"name":"ui"},"message":"Web / API server started at localhost:4000\n"}}
[info] i  functions: Watching "C:\Users\home-desk\github\hackathon\ethGlobal\ideamarket\packages\react-app\functions" for Cloud Functions... {"metadata":{"emulator":{"name":"functions"},"message":"Watching \"C:\\Users\\home-desk\\github\\hackathon\\ethGlobal\\ideamarket\\packages\\react-app\\functions\" for Cloud Functions..."}}
[debug] [2021-11-21T01:57:55.065Z] [worker-pool] addWorker(~diagnostic~) {"metadata":{"emulator":{"name":"functions"},"message":"[worker-pool] addWorker(~diagnostic~)"}}
[debug] [2021-11-21T01:57:55.065Z] [worker-pool] Adding worker with key ~diagnostic~, total=1 {"metadata":{"emulator":{"name":"functions"},"message":"[worker-pool] Adding worker with key ~diagnostic~, total=1"}}
[debug] [2021-11-21T01:57:55.065Z] [worker-pool] submitWork(triggerId=) {"metadata":{"emulator":{"name":"functions"},"message":"[worker-pool] submitWork(triggerId=)"}}
[debug] [2021-11-21T01:57:55.066Z] [worker-~diagnostic~-5c147bb8-248e-4e5c-95fa-26602142ad33]: Assigning socketPath: \\?\pipe\C:\Users\home-desk\github\hackathon\ethGlobal\ideamarket\packages\react-app\functions\26176 {"metadata":{"emulator":{"name":"functions"},"message":"[worker-~diagnostic~-5c147bb8-248e-4e5c-95fa-26602142ad33]: Assigning socketPath: \\\\?\\pipe\\C:\\Users\\home-desk\\github\\hackathon\\ethGlobal\\ideamarket\\packages\\react-app\\functions\\26176"}}
[debug] [2021-11-21T01:57:55.066Z] [worker-~diagnostic~-5c147bb8-248e-4e5c-95fa-26602142ad33]: BUSY {"metadata":{"emulator":{"name":"functions"},"message":"[worker-~diagnostic~-5c147bb8-248e-4e5c-95fa-26602142ad33]: BUSY"}}
[debug] [2021-11-21T01:57:55.244Z] [runtime-status] [26176] Functions runtime initialized. {"cwd":"C:\\Users\\home-desk\\github\\hackathon\\ethGlobal\\ideamarket\\packages\\react-app\\functions","node_version":"16.10.0"} {"metadata":{"emulator":{"name":"functions"},"message":"[runtime-status] [26176] Functions runtime initialized. {\"cwd\":\"C:\\\\Users\\\\home-desk\\\\github\\\\hackathon\\\\ethGlobal\\\\ideamarket\\\\packages\\\\react-app\\\\functions\",\"node_version\":\"16.10.0\"}"}}
[debug] [2021-11-21T01:57:55.245Z] [runtime-status] [26176] Disabled runtime features: undefined {"metadata":{"emulator":{"name":"functions"},"message":"[runtime-status] [26176] Disabled runtime features: undefined"}}
[debug] [2021-11-21T01:57:55.248Z] [runtime-status] [26176] Resolved module firebase-admin {"declared":true,"installed":true,"version":"9.12.0","resolution":"C:\\Users\\home-desk\\github\\hackathon\\ethGlobal\\ideamarket\\packages\\react-app\\functions\\node_modules\\firebase-admin\\lib\\index.js"} {"metadata":{"emulator":{"name":"functions"},"message":"[runtime-status] [26176] Resolved module firebase-admin {\"declared\":true,\"installed\":true,\"version\":\"9.12.0\",\"resolution\":\"C:\\\\Users\\\\home-desk\\\\github\\\\hackathon\\\\ethGlobal\\\\ideamarket\\\\packages\\\\react-app\\\\functions\\\\node_modules\\\\firebase-admin\\\\lib\\\\index.js\"}"}}
[debug] [2021-11-21T01:57:55.251Z] [runtime-status] [26176] Resolved module firebase-functions {"declared":true,"installed":true,"version":"3.16.0","resolution":"C:\\Users\\home-desk\\github\\hackathon\\ethGlobal\\ideamarket\\packages\\react-app\\functions\\node_modules\\firebase-functions\\lib\\index.js"} {"metadata":{"emulator":{"name":"functions"},"message":"[runtime-status] [26176] Resolved module firebase-functions {\"declared\":true,\"installed\":true,\"version\":\"3.16.0\",\"resolution\":\"C:\\\\Users\\\\home-desk\\\\github\\\\hackathon\\\\ethGlobal\\\\ideamarket\\\\packages\\\\react-app\\\\functions\\\\node_modules\\\\firebase-functions\\\\lib\\\\index.js\"}"}}
[debug] [2021-11-21T01:57:55.253Z] [runtime-status] [26176] Outgoing network have been stubbed. [{"name":"http","status":"mocked"},{"name":"http","status":"mocked"},{"name":"https","status":"mocked"},{"name":"https","status":"mocked"},{"name":"net","status":"mocked"}] {"metadata":{"emulator":{"name":"functions"},"message":"[runtime-status] [26176] Outgoing network have been stubbed. [{\"name\":\"http\",\"status\":\"mocked\"},{\"name\":\"http\",\"status\":\"mocked\"},{\"name\":\"https\",\"status\":\"mocked\"},{\"name\":\"https\",\"status\":\"mocked\"},{\"name\":\"net\",\"status\":\"mocked\"}]"}}
[debug] [2021-11-21T01:57:55.255Z] [runtime-status] [26176] Resolved module firebase-functions {"declared":true,"installed":true,"version":"3.16.0","resolution":"C:\\Users\\home-desk\\github\\hackathon\\ethGlobal\\ideamarket\\packages\\react-app\\functions\\node_modules\\firebase-functions\\lib\\index.js"} {"metadata":{"emulator":{"name":"functions"},"message":"[runtime-status] [26176] Resolved module firebase-functions {\"declared\":true,\"installed\":true,\"version\":\"3.16.0\",\"resolution\":\"C:\\\\Users\\\\home-desk\\\\github\\\\hackathon\\\\ethGlobal\\\\ideamarket\\\\packages\\\\react-app\\\\functions\\\\node_modules\\\\firebase-functions\\\\lib\\\\index.js\"}"}}
[debug] [2021-11-21T01:57:55.303Z] [runtime-status] [26176] Checked functions.config() {"config":{"unlock":{"secret":"7|opKmrR47h&L!~V;_TU,[rA5D8>5S","network":"rinkeby"}}} {"metadata":{"emulator":{"name":"functions"},"message":"[runtime-status] [26176] Checked functions.config() {\"config\":{\"unlock\":{\"secret\":\"7|opKmrR47h&L!~V;_TU,[rA5D8>5S\",\"network\":\"rinkeby\"}}}"}}
[debug] [2021-11-21T01:57:55.303Z] [runtime-status] [26176] firebase-functions has been stubbed. {"functionsResolution":{"declared":true,"installed":true,"version":"3.16.0","resolution":"C:\\Users\\home-desk\\github\\hackathon\\ethGlobal\\ideamarket\\packages\\react-app\\functions\\node_modules\\firebase-functions\\lib\\index.js"}} {"metadata":{"emulator":{"name":"functions"},"message":"[runtime-status] [26176] firebase-functions has been stubbed. {\"functionsResolution\":{\"declared\":true,\"installed\":true,\"version\":\"3.16.0\",\"resolution\":\"C:\\\\Users\\\\home-desk\\\\github\\\\hackathon\\\\ethGlobal\\\\ideamarket\\\\packages\\\\react-app\\\\functions\\\\node_modules\\\\firebase-functions\\\\lib\\\\index.js\"}}"}}
[debug] [2021-11-21T01:57:55.304Z] [runtime-status] [26176] Resolved module firebase-functions {"declared":true,"installed":true,"version":"3.16.0","resolution":"C:\\Users\\home-desk\\github\\hackathon\\ethGlobal\\ideamarket\\packages\\react-app\\functions\\node_modules\\firebase-functions\\lib\\index.js"} {"metadata":{"emulator":{"name":"functions"},"message":"[runtime-status] [26176] Resolved module firebase-functions {\"declared\":true,\"installed\":true,\"version\":\"3.16.0\",\"resolution\":\"C:\\\\Users\\\\home-desk\\\\github\\\\hackathon\\\\ethGlobal\\\\ideamarket\\\\packages\\\\react-app\\\\functions\\\\node_modules\\\\firebase-functions\\\\lib\\\\index.js\"}"}}
[debug] [2021-11-21T01:57:55.305Z] [runtime-status] [26176] Resolved module firebase-admin {"declared":true,"installed":true,"version":"9.12.0","resolution":"C:\\Users\\home-desk\\github\\hackathon\\ethGlobal\\ideamarket\\packages\\react-app\\functions\\node_modules\\firebase-admin\\lib\\index.js"} {"metadata":{"emulator":{"name":"functions"},"message":"[runtime-status] [26176] Resolved module firebase-admin {\"declared\":true,\"installed\":true,\"version\":\"9.12.0\",\"resolution\":\"C:\\\\Users\\\\home-desk\\\\github\\\\hackathon\\\\ethGlobal\\\\ideamarket\\\\packages\\\\react-app\\\\functions\\\\node_modules\\\\firebase-admin\\\\lib\\\\index.js\"}"}}
[debug] [2021-11-21T01:57:55.306Z] [runtime-status] [26176] Resolved module firebase-functions {"declared":true,"installed":true,"version":"3.16.0","resolution":"C:\\Users\\home-desk\\github\\hackathon\\ethGlobal\\ideamarket\\packages\\react-app\\functions\\node_modules\\firebase-functions\\lib\\index.js"} {"metadata":{"emulator":{"name":"functions"},"message":"[runtime-status] [26176] Resolved module firebase-functions {\"declared\":true,\"installed\":true,\"version\":\"3.16.0\",\"resolution\":\"C:\\\\Users\\\\home-desk\\\\github\\\\hackathon\\\\ethGlobal\\\\ideamarket\\\\packages\\\\react-app\\\\functions\\\\node_modules\\\\firebase-functions\\\\lib\\\\index.js\"}"}}
[debug] [2021-11-21T01:57:55.306Z] [runtime-status] [26176] firebase-admin has been stubbed. {"adminResolution":{"declared":true,"installed":true,"version":"9.12.0","resolution":"C:\\Users\\home-desk\\github\\hackathon\\ethGlobal\\ideamarket\\packages\\react-app\\functions\\node_modules\\firebase-admin\\lib\\index.js"}} {"metadata":{"emulator":{"name":"functions"},"message":"[runtime-status] [26176] firebase-admin has been stubbed. {\"adminResolution\":{\"declared\":true,\"installed\":true,\"version\":\"9.12.0\",\"resolution\":\"C:\\\\Users\\\\home-desk\\\\github\\\\hackathon\\\\ethGlobal\\\\ideamarket\\\\packages\\\\react-app\\\\functions\\\\node_modules\\\\firebase-admin\\\\lib\\\\index.js\"}}"}}
[debug] [2021-11-21T01:57:55.308Z] [runtime-status] [26176] initializeApp(DEFAULT) {"storageBucket":"tidai-app.appspot.com","projectId":"tidai-app"} {"metadata":{"emulator":{"name":"functions"},"message":"[runtime-status] [26176] initializeApp(DEFAULT) {\"storageBucket\":\"tidai-app.appspot.com\",\"projectId\":\"tidai-app\"}"}}
[info] >  Using network: rinkeby for unlock {"user":"Using network: rinkeby for unlock","metadata":{"emulator":{"name":"functions"},"message":"\u001b[90m> \u001b[39m Using network: rinkeby for unlock"}}
[info] +  functions[us-central1-getLockFirebaseToken]: http function initialized (http://localhost:5001/tidai-app/us-central1/getLockFirebaseToken). {"metadata":{"emulator":{"name":"functions"},"message":"\u001b[1mhttp\u001b[22m function initialized (http://localhost:5001/tidai-app/us-central1/getLockFirebaseToken)."}}
[info] +  functions[us-central1-createMessageToken]: http function initialized (http://localhost:5001/tidai-app/us-central1/createMessageToken). {"metadata":{"emulator":{"name":"functions"},"message":"\u001b[1mhttp\u001b[22m function initialized (http://localhost:5001/tidai-app/us-central1/createMessageToken)."}}
[info] 
┌─────────────────────────────────────────────────────────────┐
│ ✔  All emulators ready! It is now safe to connect your app. │
│ i  View Emulator UI at http://localhost:4000                │
└─────────────────────────────────────────────────────────────┘

┌────────────────┬────────────────┬─────────────────────────────────┐
│ Emulator       │ Host:Port      │ View in Emulator UI             │
├────────────────┼────────────────┼─────────────────────────────────┤
│ Authentication │ localhost:9099 │ http://localhost:4000/auth      │
├────────────────┼────────────────┼─────────────────────────────────┤
│ Functions      │ localhost:5001 │ http://localhost:4000/functions │
├────────────────┼────────────────┼─────────────────────────────────┤
│ Firestore      │ localhost:8080 │ http://localhost:4000/firestore │
├────────────────┼────────────────┼─────────────────────────────────┤
│ Hosting        │ localhost:5000 │ n/a                             │
└────────────────┴────────────────┴─────────────────────────────────┘
  Emulator Hub running at localhost:4400
  Other reserved ports: 4500

Issues? Report them at https://github.com/firebase/firebase-tools/issues and attach the *-debug.log files.
 
[debug] [2021-11-21T01:57:55.556Z] [worker-~diagnostic~-5c147bb8-248e-4e5c-95fa-26602142ad33]: IDLE {"metadata":{"emulator":{"name":"functions"},"message":"[worker-~diagnostic~-5c147bb8-248e-4e5c-95fa-26602142ad33]: IDLE"}}
[debug] [2021-11-21T01:58:08.241Z] [work-queue] {"queueLength":1,"workRunningCount":0}
[debug] [2021-11-21T01:58:08.242Z] [work-queue] {"queueLength":0,"workRunningCount":1}
[debug] [2021-11-21T01:58:08.244Z] Accepted request OPTIONS /tidai-app/us-central1/createMessageToken --> us-central1-createMessageToken
[debug] [2021-11-21T01:58:08.269Z] [worker-pool] addWorker(us-central1-createMessageToken) {"metadata":{"emulator":{"name":"functions"},"message":"[worker-pool] addWorker(us-central1-createMessageToken)"}}
[debug] [2021-11-21T01:58:08.270Z] [worker-pool] Adding worker with key us-central1-createMessageToken, total=1 {"metadata":{"emulator":{"name":"functions"},"message":"[worker-pool] Adding worker with key us-central1-createMessageToken, total=1"}}
[debug] [2021-11-21T01:58:08.271Z] [worker-pool] submitWork(triggerId=us-central1-createMessageToken) {"metadata":{"emulator":{"name":"functions"},"message":"[worker-pool] submitWork(triggerId=us-central1-createMessageToken)"}}
[debug] [2021-11-21T01:58:08.271Z] [worker-us-central1-createMessageToken-dd5e4429-60b9-4bac-a7c2-1e77e857ce72]: Assigning socketPath: \\?\pipe\C:\Users\home-desk\github\hackathon\ethGlobal\ideamarket\packages\react-app\functions\21296 {"metadata":{"emulator":{"name":"functions"},"message":"[worker-us-central1-createMessageToken-dd5e4429-60b9-4bac-a7c2-1e77e857ce72]: Assigning socketPath: \\\\?\\pipe\\C:\\Users\\home-desk\\github\\hackathon\\ethGlobal\\ideamarket\\packages\\react-app\\functions\\21296"}}
[debug] [2021-11-21T01:58:08.272Z] [worker-us-central1-createMessageToken-dd5e4429-60b9-4bac-a7c2-1e77e857ce72]: BUSY {"metadata":{"emulator":{"name":"functions"},"message":"[worker-us-central1-createMessageToken-dd5e4429-60b9-4bac-a7c2-1e77e857ce72]: BUSY"}}
[debug] [2021-11-21T01:58:08.466Z] [runtime-status] [21296] Functions runtime initialized. {"cwd":"C:\\Users\\home-desk\\github\\hackathon\\ethGlobal\\ideamarket\\packages\\react-app\\functions","node_version":"16.10.0"} {"metadata":{"emulator":{"name":"functions"},"function":{"name":"us-central1-createMessageToken"},"message":"[runtime-status] [21296] Functions runtime initialized. {\"cwd\":\"C:\\\\Users\\\\home-desk\\\\github\\\\hackathon\\\\ethGlobal\\\\ideamarket\\\\packages\\\\react-app\\\\functions\",\"node_version\":\"16.10.0\"}"}}
[debug] [2021-11-21T01:58:08.467Z] [runtime-status] [21296] Disabled runtime features: undefined {"metadata":{"emulator":{"name":"functions"},"function":{"name":"us-central1-createMessageToken"},"message":"[runtime-status] [21296] Disabled runtime features: undefined"}}
[debug] [2021-11-21T01:58:08.470Z] [runtime-status] [21296] Resolved module firebase-admin {"declared":true,"installed":true,"version":"9.12.0","resolution":"C:\\Users\\home-desk\\github\\hackathon\\ethGlobal\\ideamarket\\packages\\react-app\\functions\\node_modules\\firebase-admin\\lib\\index.js"} {"metadata":{"emulator":{"name":"functions"},"function":{"name":"us-central1-createMessageToken"},"message":"[runtime-status] [21296] Resolved module firebase-admin {\"declared\":true,\"installed\":true,\"version\":\"9.12.0\",\"resolution\":\"C:\\\\Users\\\\home-desk\\\\github\\\\hackathon\\\\ethGlobal\\\\ideamarket\\\\packages\\\\react-app\\\\functions\\\\node_modules\\\\firebase-admin\\\\lib\\\\index.js\"}"}}
[debug] [2021-11-21T01:58:08.473Z] [runtime-status] [21296] Resolved module firebase-functions {"declared":true,"installed":true,"version":"3.16.0","resolution":"C:\\Users\\home-desk\\github\\hackathon\\ethGlobal\\ideamarket\\packages\\react-app\\functions\\node_modules\\firebase-functions\\lib\\index.js"} {"metadata":{"emulator":{"name":"functions"},"function":{"name":"us-central1-createMessageToken"},"message":"[runtime-status] [21296] Resolved module firebase-functions {\"declared\":true,\"installed\":true,\"version\":\"3.16.0\",\"resolution\":\"C:\\\\Users\\\\home-desk\\\\github\\\\hackathon\\\\ethGlobal\\\\ideamarket\\\\packages\\\\react-app\\\\functions\\\\node_modules\\\\firebase-functions\\\\lib\\\\index.js\"}"}}
[debug] [2021-11-21T01:58:08.475Z] [runtime-status] [21296] Outgoing network have been stubbed. [{"name":"http","status":"mocked"},{"name":"http","status":"mocked"},{"name":"https","status":"mocked"},{"name":"https","status":"mocked"},{"name":"net","status":"mocked"}] {"metadata":{"emulator":{"name":"functions"},"function":{"name":"us-central1-createMessageToken"},"message":"[runtime-status] [21296] Outgoing network have been stubbed. [{\"name\":\"http\",\"status\":\"mocked\"},{\"name\":\"http\",\"status\":\"mocked\"},{\"name\":\"https\",\"status\":\"mocked\"},{\"name\":\"https\",\"status\":\"mocked\"},{\"name\":\"net\",\"status\":\"mocked\"}]"}}
[debug] [2021-11-21T01:58:08.477Z] [runtime-status] [21296] Resolved module firebase-functions {"declared":true,"installed":true,"version":"3.16.0","resolution":"C:\\Users\\home-desk\\github\\hackathon\\ethGlobal\\ideamarket\\packages\\react-app\\functions\\node_modules\\firebase-functions\\lib\\index.js"} {"metadata":{"emulator":{"name":"functions"},"function":{"name":"us-central1-createMessageToken"},"message":"[runtime-status] [21296] Resolved module firebase-functions {\"declared\":true,\"installed\":true,\"version\":\"3.16.0\",\"resolution\":\"C:\\\\Users\\\\home-desk\\\\github\\\\hackathon\\\\ethGlobal\\\\ideamarket\\\\packages\\\\react-app\\\\functions\\\\node_modules\\\\firebase-functions\\\\lib\\\\index.js\"}"}}
[debug] [2021-11-21T01:58:08.522Z] [runtime-status] [21296] Checked functions.config() {"config":{"unlock":{"secret":"7|opKmrR47h&L!~V;_TU,[rA5D8>5S","network":"rinkeby"}}} {"metadata":{"emulator":{"name":"functions"},"function":{"name":"us-central1-createMessageToken"},"message":"[runtime-status] [21296] Checked functions.config() {\"config\":{\"unlock\":{\"secret\":\"7|opKmrR47h&L!~V;_TU,[rA5D8>5S\",\"network\":\"rinkeby\"}}}"}}
[debug] [2021-11-21T01:58:08.522Z] [runtime-status] [21296] firebase-functions has been stubbed. {"functionsResolution":{"declared":true,"installed":true,"version":"3.16.0","resolution":"C:\\Users\\home-desk\\github\\hackathon\\ethGlobal\\ideamarket\\packages\\react-app\\functions\\node_modules\\firebase-functions\\lib\\index.js"}} {"metadata":{"emulator":{"name":"functions"},"function":{"name":"us-central1-createMessageToken"},"message":"[runtime-status] [21296] firebase-functions has been stubbed. {\"functionsResolution\":{\"declared\":true,\"installed\":true,\"version\":\"3.16.0\",\"resolution\":\"C:\\\\Users\\\\home-desk\\\\github\\\\hackathon\\\\ethGlobal\\\\ideamarket\\\\packages\\\\react-app\\\\functions\\\\node_modules\\\\firebase-functions\\\\lib\\\\index.js\"}}"}}
[debug] [2021-11-21T01:58:08.523Z] [runtime-status] [21296] Resolved module firebase-functions {"declared":true,"installed":true,"version":"3.16.0","resolution":"C:\\Users\\home-desk\\github\\hackathon\\ethGlobal\\ideamarket\\packages\\react-app\\functions\\node_modules\\firebase-functions\\lib\\index.js"} {"metadata":{"emulator":{"name":"functions"},"function":{"name":"us-central1-createMessageToken"},"message":"[runtime-status] [21296] Resolved module firebase-functions {\"declared\":true,\"installed\":true,\"version\":\"3.16.0\",\"resolution\":\"C:\\\\Users\\\\home-desk\\\\github\\\\hackathon\\\\ethGlobal\\\\ideamarket\\\\packages\\\\react-app\\\\functions\\\\node_modules\\\\firebase-functions\\\\lib\\\\index.js\"}"}}
[debug] [2021-11-21T01:58:08.525Z] [runtime-status] [21296] Resolved module firebase-admin {"declared":true,"installed":true,"version":"9.12.0","resolution":"C:\\Users\\home-desk\\github\\hackathon\\ethGlobal\\ideamarket\\packages\\react-app\\functions\\node_modules\\firebase-admin\\lib\\index.js"} {"metadata":{"emulator":{"name":"functions"},"function":{"name":"us-central1-createMessageToken"},"message":"[runtime-status] [21296] Resolved module firebase-admin {\"declared\":true,\"installed\":true,\"version\":\"9.12.0\",\"resolution\":\"C:\\\\Users\\\\home-desk\\\\github\\\\hackathon\\\\ethGlobal\\\\ideamarket\\\\packages\\\\react-app\\\\functions\\\\node_modules\\\\firebase-admin\\\\lib\\\\index.js\"}"}}
[debug] [2021-11-21T01:58:08.526Z] [runtime-status] [21296] Resolved module firebase-functions {"declared":true,"installed":true,"version":"3.16.0","resolution":"C:\\Users\\home-desk\\github\\hackathon\\ethGlobal\\ideamarket\\packages\\react-app\\functions\\node_modules\\firebase-functions\\lib\\index.js"} {"metadata":{"emulator":{"name":"functions"},"function":{"name":"us-central1-createMessageToken"},"message":"[runtime-status] [21296] Resolved module firebase-functions {\"declared\":true,\"installed\":true,\"version\":\"3.16.0\",\"resolution\":\"C:\\\\Users\\\\home-desk\\\\github\\\\hackathon\\\\ethGlobal\\\\ideamarket\\\\packages\\\\react-app\\\\functions\\\\node_modules\\\\firebase-functions\\\\lib\\\\index.js\"}"}}
[debug] [2021-11-21T01:58:08.526Z] [runtime-status] [21296] firebase-admin has been stubbed. {"adminResolution":{"declared":true,"installed":true,"version":"9.12.0","resolution":"C:\\Users\\home-desk\\github\\hackathon\\ethGlobal\\ideamarket\\packages\\react-app\\functions\\node_modules\\firebase-admin\\lib\\index.js"}} {"metadata":{"emulator":{"name":"functions"},"function":{"name":"us-central1-createMessageToken"},"message":"[runtime-status] [21296] firebase-admin has been stubbed. {\"adminResolution\":{\"declared\":true,\"installed\":true,\"version\":\"9.12.0\",\"resolution\":\"C:\\\\Users\\\\home-desk\\\\github\\\\hackathon\\\\ethGlobal\\\\ideamarket\\\\packages\\\\react-app\\\\functions\\\\node_modules\\\\firebase-admin\\\\lib\\\\index.js\"}}"}}
[debug] [2021-11-21T01:58:08.528Z] [runtime-status] [21296] initializeApp(DEFAULT) {"storageBucket":"tidai-app.appspot.com","projectId":"tidai-app"} {"metadata":{"emulator":{"name":"functions"},"function":{"name":"us-central1-createMessageToken"},"message":"[runtime-status] [21296] initializeApp(DEFAULT) {\"storageBucket\":\"tidai-app.appspot.com\",\"projectId\":\"tidai-app\"}"}}
[info] >  Using network: rinkeby for unlock {"user":"Using network: rinkeby for unlock","metadata":{"emulator":{"name":"functions"},"function":{"name":"us-central1-createMessageToken"},"message":"\u001b[90m> \u001b[39m Using network: rinkeby for unlock"}}
[debug] [2021-11-21T01:58:08.755Z] [runtime-status] [21296] Trigger "us-central1-createMessageToken" has been found, beginning invocation! {"metadata":{"emulator":{"name":"functions"},"function":{"name":"us-central1-createMessageToken"},"message":"[runtime-status] [21296] Trigger \"us-central1-createMessageToken\" has been found, beginning invocation!"}}
[info] i  functions: Beginning execution of "us-central1-createMessageToken" {"metadata":{"emulator":{"name":"functions"},"function":{"name":"us-central1-createMessageToken"},"message":"Beginning execution of \"us-central1-createMessageToken\""}}
[debug] [2021-11-21T01:58:08.756Z] [runtime-status] [21296] triggerDefinition {"labels":{"deployment-callable":"true"},"httpsTrigger":{},"name":"createMessageToken","entryPoint":"createMessageToken","regions":["us-central1"],"region":"us-central1","id":"us-central1-createMessageToken"} {"metadata":{"emulator":{"name":"functions"},"function":{"name":"us-central1-createMessageToken"},"message":"[runtime-status] [21296] triggerDefinition {\"labels\":{\"deployment-callable\":\"true\"},\"httpsTrigger\":{},\"name\":\"createMessageToken\",\"entryPoint\":\"createMessageToken\",\"regions\":[\"us-central1\"],\"region\":\"us-central1\",\"id\":\"us-central1-createMessageToken\"}"}}
[debug] [2021-11-21T01:58:08.756Z] [runtime-status] [21296] Running us-central1-createMessageToken in signature http {"metadata":{"emulator":{"name":"functions"},"function":{"name":"us-central1-createMessageToken"},"message":"[runtime-status] [21296] Running us-central1-createMessageToken in signature http"}}
[debug] [2021-11-21T01:58:08.759Z] [runtime-status] [21296] Attempting to listen to socketPath: \\?\pipe\C:\Users\home-desk\github\hackathon\ethGlobal\ideamarket\packages\react-app\functions\21296 {"metadata":{"emulator":{"name":"functions"},"function":{"name":"us-central1-createMessageToken"},"message":"[runtime-status] [21296] Attempting to listen to socketPath: \\\\?\\pipe\\C:\\Users\\home-desk\\github\\hackathon\\ethGlobal\\ideamarket\\packages\\react-app\\functions\\21296"}}
[debug] [2021-11-21T01:58:08.761Z] [functions] Runtime ready! Sending request! {"metadata":{"emulator":{"name":"functions"},"message":"[functions] Runtime ready! Sending request!"}}
[debug] [2021-11-21T01:58:08.762Z] [functions] Got req.url=/tidai-app/us-central1/createMessageToken, mapping to path=/ {"metadata":{"emulator":{"name":"functions"},"message":"[functions] Got req.url=/tidai-app/us-central1/createMessageToken, mapping to path=/"}}
[debug] [2021-11-21T01:58:08.791Z] [runtime-status] [21296] Ephemeral server handling OPTIONS request {"metadata":{"emulator":{"name":"functions"},"function":{"name":"us-central1-createMessageToken"},"message":"[runtime-status] [21296] Ephemeral server handling OPTIONS request"}}
[debug] [2021-11-21T01:58:08.794Z] [work-queue] {"queueLength":1,"workRunningCount":1}
[debug] [2021-11-21T01:58:08.794Z] [work-queue] {"queueLength":0,"workRunningCount":2}
[debug] [2021-11-21T01:58:08.794Z] Accepted request POST /tidai-app/us-central1/createMessageToken --> us-central1-createMessageToken
[debug] [2021-11-21T01:58:08.800Z] [worker-pool] addWorker(us-central1-createMessageToken) {"metadata":{"emulator":{"name":"functions"},"message":"[worker-pool] addWorker(us-central1-createMessageToken)"}}
[debug] [2021-11-21T01:58:08.800Z] [worker-pool] Adding worker with key us-central1-createMessageToken, total=2 {"metadata":{"emulator":{"name":"functions"},"message":"[worker-pool] Adding worker with key us-central1-createMessageToken, total=2"}}
[debug] [2021-11-21T01:58:08.800Z] [worker-pool] submitWork(triggerId=us-central1-createMessageToken) {"metadata":{"emulator":{"name":"functions"},"message":"[worker-pool] submitWork(triggerId=us-central1-createMessageToken)"}}
[debug] [2021-11-21T01:58:08.800Z] [worker-us-central1-createMessageToken-c8195c91-48d6-4f74-8c06-01b68ba23e1c]: Assigning socketPath: \\?\pipe\C:\Users\home-desk\github\hackathon\ethGlobal\ideamarket\packages\react-app\functions\12264 {"metadata":{"emulator":{"name":"functions"},"message":"[worker-us-central1-createMessageToken-c8195c91-48d6-4f74-8c06-01b68ba23e1c]: Assigning socketPath: \\\\?\\pipe\\C:\\Users\\home-desk\\github\\hackathon\\ethGlobal\\ideamarket\\packages\\react-app\\functions\\12264"}}
[debug] [2021-11-21T01:58:08.801Z] [worker-us-central1-createMessageToken-c8195c91-48d6-4f74-8c06-01b68ba23e1c]: BUSY {"metadata":{"emulator":{"name":"functions"},"message":"[worker-us-central1-createMessageToken-c8195c91-48d6-4f74-8c06-01b68ba23e1c]: BUSY"}}
[debug] [2021-11-21T01:58:08.801Z] [runtime-status] [21296] Ephemeral server survived. {"metadata":{"emulator":{"name":"functions"},"function":{"name":"us-central1-createMessageToken"},"message":"[runtime-status] [21296] Ephemeral server survived."}}
[info] i  functions: Finished "us-central1-createMessageToken" in ~1s {"metadata":{"emulator":{"name":"functions"},"function":{"name":"us-central1-createMessageToken"},"message":"Finished \"us-central1-createMessageToken\" in ~1s"}}
[debug] [2021-11-21T01:58:08.802Z] [worker-us-central1-createMessageToken-dd5e4429-60b9-4bac-a7c2-1e77e857ce72]: IDLE {"metadata":{"emulator":{"name":"functions"},"message":"[worker-us-central1-createMessageToken-dd5e4429-60b9-4bac-a7c2-1e77e857ce72]: IDLE"}}
[debug] [2021-11-21T01:58:08.802Z] [work-queue] {"queueLength":0,"workRunningCount":1}
[debug] [2021-11-21T01:58:08.969Z] [runtime-status] [12264] Functions runtime initialized. {"cwd":"C:\\Users\\home-desk\\github\\hackathon\\ethGlobal\\ideamarket\\packages\\react-app\\functions","node_version":"16.10.0"} {"metadata":{"emulator":{"name":"functions"},"function":{"name":"us-central1-createMessageToken"},"message":"[runtime-status] [12264] Functions runtime initialized. {\"cwd\":\"C:\\\\Users\\\\home-desk\\\\github\\\\hackathon\\\\ethGlobal\\\\ideamarket\\\\packages\\\\react-app\\\\functions\",\"node_version\":\"16.10.0\"}"}}
[debug] [2021-11-21T01:58:08.970Z] [runtime-status] [12264] Disabled runtime features: undefined {"metadata":{"emulator":{"name":"functions"},"function":{"name":"us-central1-createMessageToken"},"message":"[runtime-status] [12264] Disabled runtime features: undefined"}}
[debug] [2021-11-21T01:58:08.973Z] [runtime-status] [12264] Resolved module firebase-admin {"declared":true,"installed":true,"version":"9.12.0","resolution":"C:\\Users\\home-desk\\github\\hackathon\\ethGlobal\\ideamarket\\packages\\react-app\\functions\\node_modules\\firebase-admin\\lib\\index.js"} {"metadata":{"emulator":{"name":"functions"},"function":{"name":"us-central1-createMessageToken"},"message":"[runtime-status] [12264] Resolved module firebase-admin {\"declared\":true,\"installed\":true,\"version\":\"9.12.0\",\"resolution\":\"C:\\\\Users\\\\home-desk\\\\github\\\\hackathon\\\\ethGlobal\\\\ideamarket\\\\packages\\\\react-app\\\\functions\\\\node_modules\\\\firebase-admin\\\\lib\\\\index.js\"}"}}
[debug] [2021-11-21T01:58:08.976Z] [runtime-status] [12264] Resolved module firebase-functions {"declared":true,"installed":true,"version":"3.16.0","resolution":"C:\\Users\\home-desk\\github\\hackathon\\ethGlobal\\ideamarket\\packages\\react-app\\functions\\node_modules\\firebase-functions\\lib\\index.js"} {"metadata":{"emulator":{"name":"functions"},"function":{"name":"us-central1-createMessageToken"},"message":"[runtime-status] [12264] Resolved module firebase-functions {\"declared\":true,\"installed\":true,\"version\":\"3.16.0\",\"resolution\":\"C:\\\\Users\\\\home-desk\\\\github\\\\hackathon\\\\ethGlobal\\\\ideamarket\\\\packages\\\\react-app\\\\functions\\\\node_modules\\\\firebase-functions\\\\lib\\\\index.js\"}"}}
[debug] [2021-11-21T01:58:08.978Z] [runtime-status] [12264] Outgoing network have been stubbed. [{"name":"http","status":"mocked"},{"name":"http","status":"mocked"},{"name":"https","status":"mocked"},{"name":"https","status":"mocked"},{"name":"net","status":"mocked"}] {"metadata":{"emulator":{"name":"functions"},"function":{"name":"us-central1-createMessageToken"},"message":"[runtime-status] [12264] Outgoing network have been stubbed. [{\"name\":\"http\",\"status\":\"mocked\"},{\"name\":\"http\",\"status\":\"mocked\"},{\"name\":\"https\",\"status\":\"mocked\"},{\"name\":\"https\",\"status\":\"mocked\"},{\"name\":\"net\",\"status\":\"mocked\"}]"}}
[debug] [2021-11-21T01:58:08.979Z] [runtime-status] [12264] Resolved module firebase-functions {"declared":true,"installed":true,"version":"3.16.0","resolution":"C:\\Users\\home-desk\\github\\hackathon\\ethGlobal\\ideamarket\\packages\\react-app\\functions\\node_modules\\firebase-functions\\lib\\index.js"} {"metadata":{"emulator":{"name":"functions"},"function":{"name":"us-central1-createMessageToken"},"message":"[runtime-status] [12264] Resolved module firebase-functions {\"declared\":true,\"installed\":true,\"version\":\"3.16.0\",\"resolution\":\"C:\\\\Users\\\\home-desk\\\\github\\\\hackathon\\\\ethGlobal\\\\ideamarket\\\\packages\\\\react-app\\\\functions\\\\node_modules\\\\firebase-functions\\\\lib\\\\index.js\"}"}}
[debug] [2021-11-21T01:58:09.023Z] [runtime-status] [12264] Checked functions.config() {"config":{"unlock":{"secret":"7|opKmrR47h&L!~V;_TU,[rA5D8>5S","network":"rinkeby"}}} {"metadata":{"emulator":{"name":"functions"},"function":{"name":"us-central1-createMessageToken"},"message":"[runtime-status] [12264] Checked functions.config() {\"config\":{\"unlock\":{\"secret\":\"7|opKmrR47h&L!~V;_TU,[rA5D8>5S\",\"network\":\"rinkeby\"}}}"}}
[debug] [2021-11-21T01:58:09.024Z] [runtime-status] [12264] firebase-functions has been stubbed. {"functionsResolution":{"declared":true,"installed":true,"version":"3.16.0","resolution":"C:\\Users\\home-desk\\github\\hackathon\\ethGlobal\\ideamarket\\packages\\react-app\\functions\\node_modules\\firebase-functions\\lib\\index.js"}} {"metadata":{"emulator":{"name":"functions"},"function":{"name":"us-central1-createMessageToken"},"message":"[runtime-status] [12264] firebase-functions has been stubbed. {\"functionsResolution\":{\"declared\":true,\"installed\":true,\"version\":\"3.16.0\",\"resolution\":\"C:\\\\Users\\\\home-desk\\\\github\\\\hackathon\\\\ethGlobal\\\\ideamarket\\\\packages\\\\react-app\\\\functions\\\\node_modules\\\\firebase-functions\\\\lib\\\\index.js\"}}"}}
[debug] [2021-11-21T01:58:09.024Z] [runtime-status] [12264] Resolved module firebase-functions {"declared":true,"installed":true,"version":"3.16.0","resolution":"C:\\Users\\home-desk\\github\\hackathon\\ethGlobal\\ideamarket\\packages\\react-app\\functions\\node_modules\\firebase-functions\\lib\\index.js"} {"metadata":{"emulator":{"name":"functions"},"function":{"name":"us-central1-createMessageToken"},"message":"[runtime-status] [12264] Resolved module firebase-functions {\"declared\":true,\"installed\":true,\"version\":\"3.16.0\",\"resolution\":\"C:\\\\Users\\\\home-desk\\\\github\\\\hackathon\\\\ethGlobal\\\\ideamarket\\\\packages\\\\react-app\\\\functions\\\\node_modules\\\\firebase-functions\\\\lib\\\\index.js\"}"}}
[debug] [2021-11-21T01:58:09.026Z] [runtime-status] [12264] Resolved module firebase-admin {"declared":true,"installed":true,"version":"9.12.0","resolution":"C:\\Users\\home-desk\\github\\hackathon\\ethGlobal\\ideamarket\\packages\\react-app\\functions\\node_modules\\firebase-admin\\lib\\index.js"} {"metadata":{"emulator":{"name":"functions"},"function":{"name":"us-central1-createMessageToken"},"message":"[runtime-status] [12264] Resolved module firebase-admin {\"declared\":true,\"installed\":true,\"version\":\"9.12.0\",\"resolution\":\"C:\\\\Users\\\\home-desk\\\\github\\\\hackathon\\\\ethGlobal\\\\ideamarket\\\\packages\\\\react-app\\\\functions\\\\node_modules\\\\firebase-admin\\\\lib\\\\index.js\"}"}}
[debug] [2021-11-21T01:58:09.027Z] [runtime-status] [12264] Resolved module firebase-functions {"declared":true,"installed":true,"version":"3.16.0","resolution":"C:\\Users\\home-desk\\github\\hackathon\\ethGlobal\\ideamarket\\packages\\react-app\\functions\\node_modules\\firebase-functions\\lib\\index.js"} {"metadata":{"emulator":{"name":"functions"},"function":{"name":"us-central1-createMessageToken"},"message":"[runtime-status] [12264] Resolved module firebase-functions {\"declared\":true,\"installed\":true,\"version\":\"3.16.0\",\"resolution\":\"C:\\\\Users\\\\home-desk\\\\github\\\\hackathon\\\\ethGlobal\\\\ideamarket\\\\packages\\\\react-app\\\\functions\\\\node_modules\\\\firebase-functions\\\\lib\\\\index.js\"}"}}
[debug] [2021-11-21T01:58:09.027Z] [runtime-status] [12264] firebase-admin has been stubbed. {"adminResolution":{"declared":true,"installed":true,"version":"9.12.0","resolution":"C:\\Users\\home-desk\\github\\hackathon\\ethGlobal\\ideamarket\\packages\\react-app\\functions\\node_modules\\firebase-admin\\lib\\index.js"}} {"metadata":{"emulator":{"name":"functions"},"function":{"name":"us-central1-createMessageToken"},"message":"[runtime-status] [12264] firebase-admin has been stubbed. {\"adminResolution\":{\"declared\":true,\"installed\":true,\"version\":\"9.12.0\",\"resolution\":\"C:\\\\Users\\\\home-desk\\\\github\\\\hackathon\\\\ethGlobal\\\\ideamarket\\\\packages\\\\react-app\\\\functions\\\\node_modules\\\\firebase-admin\\\\lib\\\\index.js\"}}"}}
[debug] [2021-11-21T01:58:09.029Z] [runtime-status] [12264] initializeApp(DEFAULT) {"storageBucket":"tidai-app.appspot.com","projectId":"tidai-app"} {"metadata":{"emulator":{"name":"functions"},"function":{"name":"us-central1-createMessageToken"},"message":"[runtime-status] [12264] initializeApp(DEFAULT) {\"storageBucket\":\"tidai-app.appspot.com\",\"projectId\":\"tidai-app\"}"}}
[info] >  Using network: rinkeby for unlock {"user":"Using network: rinkeby for unlock","metadata":{"emulator":{"name":"functions"},"function":{"name":"us-central1-createMessageToken"},"message":"\u001b[90m> \u001b[39m Using network: rinkeby for unlock"}}
[debug] [2021-11-21T01:58:09.249Z] [runtime-status] [12264] Trigger "us-central1-createMessageToken" has been found, beginning invocation! {"metadata":{"emulator":{"name":"functions"},"function":{"name":"us-central1-createMessageToken"},"message":"[runtime-status] [12264] Trigger \"us-central1-createMessageToken\" has been found, beginning invocation!"}}
[info] i  functions: Beginning execution of "us-central1-createMessageToken" {"metadata":{"emulator":{"name":"functions"},"function":{"name":"us-central1-createMessageToken"},"message":"Beginning execution of \"us-central1-createMessageToken\""}}
[debug] [2021-11-21T01:58:09.250Z] [runtime-status] [12264] triggerDefinition {"labels":{"deployment-callable":"true"},"httpsTrigger":{},"name":"createMessageToken","entryPoint":"createMessageToken","regions":["us-central1"],"region":"us-central1","id":"us-central1-createMessageToken"} {"metadata":{"emulator":{"name":"functions"},"function":{"name":"us-central1-createMessageToken"},"message":"[runtime-status] [12264] triggerDefinition {\"labels\":{\"deployment-callable\":\"true\"},\"httpsTrigger\":{},\"name\":\"createMessageToken\",\"entryPoint\":\"createMessageToken\",\"regions\":[\"us-central1\"],\"region\":\"us-central1\",\"id\":\"us-central1-createMessageToken\"}"}}
[debug] [2021-11-21T01:58:09.251Z] [runtime-status] [12264] Running us-central1-createMessageToken in signature http {"metadata":{"emulator":{"name":"functions"},"function":{"name":"us-central1-createMessageToken"},"message":"[runtime-status] [12264] Running us-central1-createMessageToken in signature http"}}
[debug] [2021-11-21T01:58:09.253Z] [runtime-status] [12264] Attempting to listen to socketPath: \\?\pipe\C:\Users\home-desk\github\hackathon\ethGlobal\ideamarket\packages\react-app\functions\12264 {"metadata":{"emulator":{"name":"functions"},"function":{"name":"us-central1-createMessageToken"},"message":"[runtime-status] [12264] Attempting to listen to socketPath: \\\\?\\pipe\\C:\\Users\\home-desk\\github\\hackathon\\ethGlobal\\ideamarket\\packages\\react-app\\functions\\12264"}}
[debug] [2021-11-21T01:58:09.256Z] [functions] Runtime ready! Sending request! {"metadata":{"emulator":{"name":"functions"},"message":"[functions] Runtime ready! Sending request!"}}
[debug] [2021-11-21T01:58:09.256Z] [functions] Got req.url=/tidai-app/us-central1/createMessageToken, mapping to path=/ {"metadata":{"emulator":{"name":"functions"},"message":"[functions] Got req.url=/tidai-app/us-central1/createMessageToken, mapping to path=/"}}
[debug] [2021-11-21T01:58:09.297Z] [runtime-status] [12264] Ephemeral server handling POST request {"metadata":{"emulator":{"name":"functions"},"function":{"name":"us-central1-createMessageToken"},"message":"[runtime-status] [12264] Ephemeral server handling POST request"}}
[info] >  {"verifications":{"app":"MISSING","auth":"MISSING"},"logging.googleapis.com/labels":{"firebase-log-type":"callable-request-verification"},"severity":"INFO","message":"Callable request verification passed"} {"user":{"verifications":{"app":"MISSING","auth":"MISSING"},"logging.googleapis.com/labels":{"firebase-log-type":"callable-request-verification"},"severity":"INFO","message":"Callable request verification passed"},"metadata":{"emulator":{"name":"functions"},"function":{"name":"us-central1-createMessageToken"},"message":"\u001b[90m> \u001b[39m {\"verifications\":{\"app\":\"MISSING\",\"auth\":\"MISSING\"},\"logging.googleapis.com/labels\":{\"firebase-log-type\":\"callable-request-verification\"},\"severity\":\"INFO\",\"message\":\"Callable request verification passed\"}"}}
[debug] [2021-11-21T01:58:09.299Z] [runtime-status] [12264] No callable functions auth found {"metadata":{"emulator":{"name":"functions"},"function":{"name":"us-central1-createMessageToken"},"message":"[runtime-status] [12264] No callable functions auth found"}}
[info] >  createToken(0x28db2b440686a1adca8d841b090330d88234a8c9, 7|opKmrR47h&L!~V;_TU,[rA5D8>5S) -> 0x5e2e286cdcd5c4d6f67361388c06071659ddbef31b291b2e987a09df4a026beb {"user":"createToken(0x28db2b440686a1adca8d841b090330d88234a8c9, 7|opKmrR47h&L!~V;_TU,[rA5D8>5S) -> 0x5e2e286cdcd5c4d6f67361388c06071659ddbef31b291b2e987a09df4a026beb","metadata":{"emulator":{"name":"functions"},"function":{"name":"us-central1-createMessageToken"},"message":"\u001b[90m> \u001b[39m createToken(0x28db2b440686a1adca8d841b090330d88234a8c9, 7|opKmrR47h&L!~V;_TU,[rA5D8>5S) -> 0x5e2e286cdcd5c4d6f67361388c06071659ddbef31b291b2e987a09df4a026beb"}}
[debug] [2021-11-21T01:58:09.304Z] [runtime-status] [12264] Ephemeral server survived. {"metadata":{"emulator":{"name":"functions"},"function":{"name":"us-central1-createMessageToken"},"message":"[runtime-status] [12264] Ephemeral server survived."}}
[info] i  functions: Finished "us-central1-createMessageToken" in ~1s {"metadata":{"emulator":{"name":"functions"},"function":{"name":"us-central1-createMessageToken"},"message":"Finished \"us-central1-createMessageToken\" in ~1s"}}
[debug] [2021-11-21T01:58:09.307Z] [worker-us-central1-createMessageToken-c8195c91-48d6-4f74-8c06-01b68ba23e1c]: IDLE {"metadata":{"emulator":{"name":"functions"},"message":"[worker-us-central1-createMessageToken-c8195c91-48d6-4f74-8c06-01b68ba23e1c]: IDLE"}}
[debug] [2021-11-21T01:58:09.307Z] [work-queue] {"queueLength":0,"workRunningCount":0}
[debug] [2021-11-21T01:58:11.483Z] [work-queue] {"queueLength":1,"workRunningCount":0}
[debug] [2021-11-21T01:58:11.483Z] [work-queue] {"queueLength":0,"workRunningCount":1}
[debug] [2021-11-21T01:58:11.483Z] Accepted request OPTIONS /tidai-app/us-central1/getLockFirebaseToken --> us-central1-getLockFirebaseToken
[debug] [2021-11-21T01:58:11.489Z] [worker-pool] addWorker(us-central1-getLockFirebaseToken) {"metadata":{"emulator":{"name":"functions"},"message":"[worker-pool] addWorker(us-central1-getLockFirebaseToken)"}}
[debug] [2021-11-21T01:58:11.489Z] [worker-pool] Adding worker with key us-central1-getLockFirebaseToken, total=1 {"metadata":{"emulator":{"name":"functions"},"message":"[worker-pool] Adding worker with key us-central1-getLockFirebaseToken, total=1"}}
[debug] [2021-11-21T01:58:11.490Z] [worker-pool] submitWork(triggerId=us-central1-getLockFirebaseToken) {"metadata":{"emulator":{"name":"functions"},"message":"[worker-pool] submitWork(triggerId=us-central1-getLockFirebaseToken)"}}
[debug] [2021-11-21T01:58:11.490Z] [worker-us-central1-getLockFirebaseToken-68ae20bc-6e74-418d-8893-5afd9abea7a7]: Assigning socketPath: \\?\pipe\C:\Users\home-desk\github\hackathon\ethGlobal\ideamarket\packages\react-app\functions\31460 {"metadata":{"emulator":{"name":"functions"},"message":"[worker-us-central1-getLockFirebaseToken-68ae20bc-6e74-418d-8893-5afd9abea7a7]: Assigning socketPath: \\\\?\\pipe\\C:\\Users\\home-desk\\github\\hackathon\\ethGlobal\\ideamarket\\packages\\react-app\\functions\\31460"}}
[debug] [2021-11-21T01:58:11.490Z] [worker-us-central1-getLockFirebaseToken-68ae20bc-6e74-418d-8893-5afd9abea7a7]: BUSY {"metadata":{"emulator":{"name":"functions"},"message":"[worker-us-central1-getLockFirebaseToken-68ae20bc-6e74-418d-8893-5afd9abea7a7]: BUSY"}}
[debug] [2021-11-21T01:58:11.676Z] [runtime-status] [31460] Functions runtime initialized. {"cwd":"C:\\Users\\home-desk\\github\\hackathon\\ethGlobal\\ideamarket\\packages\\react-app\\functions","node_version":"16.10.0"} {"metadata":{"emulator":{"name":"functions"},"function":{"name":"us-central1-getLockFirebaseToken"},"message":"[runtime-status] [31460] Functions runtime initialized. {\"cwd\":\"C:\\\\Users\\\\home-desk\\\\github\\\\hackathon\\\\ethGlobal\\\\ideamarket\\\\packages\\\\react-app\\\\functions\",\"node_version\":\"16.10.0\"}"}}
[debug] [2021-11-21T01:58:11.677Z] [runtime-status] [31460] Disabled runtime features: undefined {"metadata":{"emulator":{"name":"functions"},"function":{"name":"us-central1-getLockFirebaseToken"},"message":"[runtime-status] [31460] Disabled runtime features: undefined"}}
[debug] [2021-11-21T01:58:11.680Z] [runtime-status] [31460] Resolved module firebase-admin {"declared":true,"installed":true,"version":"9.12.0","resolution":"C:\\Users\\home-desk\\github\\hackathon\\ethGlobal\\ideamarket\\packages\\react-app\\functions\\node_modules\\firebase-admin\\lib\\index.js"} {"metadata":{"emulator":{"name":"functions"},"function":{"name":"us-central1-getLockFirebaseToken"},"message":"[runtime-status] [31460] Resolved module firebase-admin {\"declared\":true,\"installed\":true,\"version\":\"9.12.0\",\"resolution\":\"C:\\\\Users\\\\home-desk\\\\github\\\\hackathon\\\\ethGlobal\\\\ideamarket\\\\packages\\\\react-app\\\\functions\\\\node_modules\\\\firebase-admin\\\\lib\\\\index.js\"}"}}
[debug] [2021-11-21T01:58:11.683Z] [runtime-status] [31460] Resolved module firebase-functions {"declared":true,"installed":true,"version":"3.16.0","resolution":"C:\\Users\\home-desk\\github\\hackathon\\ethGlobal\\ideamarket\\packages\\react-app\\functions\\node_modules\\firebase-functions\\lib\\index.js"} {"metadata":{"emulator":{"name":"functions"},"function":{"name":"us-central1-getLockFirebaseToken"},"message":"[runtime-status] [31460] Resolved module firebase-functions {\"declared\":true,\"installed\":true,\"version\":\"3.16.0\",\"resolution\":\"C:\\\\Users\\\\home-desk\\\\github\\\\hackathon\\\\ethGlobal\\\\ideamarket\\\\packages\\\\react-app\\\\functions\\\\node_modules\\\\firebase-functions\\\\lib\\\\index.js\"}"}}
[debug] [2021-11-21T01:58:11.686Z] [runtime-status] [31460] Outgoing network have been stubbed. [{"name":"http","status":"mocked"},{"name":"http","status":"mocked"},{"name":"https","status":"mocked"},{"name":"https","status":"mocked"},{"name":"net","status":"mocked"}] {"metadata":{"emulator":{"name":"functions"},"function":{"name":"us-central1-getLockFirebaseToken"},"message":"[runtime-status] [31460] Outgoing network have been stubbed. [{\"name\":\"http\",\"status\":\"mocked\"},{\"name\":\"http\",\"status\":\"mocked\"},{\"name\":\"https\",\"status\":\"mocked\"},{\"name\":\"https\",\"status\":\"mocked\"},{\"name\":\"net\",\"status\":\"mocked\"}]"}}
[debug] [2021-11-21T01:58:11.687Z] [runtime-status] [31460] Resolved module firebase-functions {"declared":true,"installed":true,"version":"3.16.0","resolution":"C:\\Users\\home-desk\\github\\hackathon\\ethGlobal\\ideamarket\\packages\\react-app\\functions\\node_modules\\firebase-functions\\lib\\index.js"} {"metadata":{"emulator":{"name":"functions"},"function":{"name":"us-central1-getLockFirebaseToken"},"message":"[runtime-status] [31460] Resolved module firebase-functions {\"declared\":true,\"installed\":true,\"version\":\"3.16.0\",\"resolution\":\"C:\\\\Users\\\\home-desk\\\\github\\\\hackathon\\\\ethGlobal\\\\ideamarket\\\\packages\\\\react-app\\\\functions\\\\node_modules\\\\firebase-functions\\\\lib\\\\index.js\"}"}}
[debug] [2021-11-21T01:58:11.737Z] [runtime-status] [31460] Checked functions.config() {"config":{"unlock":{"secret":"7|opKmrR47h&L!~V;_TU,[rA5D8>5S","network":"rinkeby"}}} {"metadata":{"emulator":{"name":"functions"},"function":{"name":"us-central1-getLockFirebaseToken"},"message":"[runtime-status] [31460] Checked functions.config() {\"config\":{\"unlock\":{\"secret\":\"7|opKmrR47h&L!~V;_TU,[rA5D8>5S\",\"network\":\"rinkeby\"}}}"}}
[debug] [2021-11-21T01:58:11.737Z] [runtime-status] [31460] firebase-functions has been stubbed. {"functionsResolution":{"declared":true,"installed":true,"version":"3.16.0","resolution":"C:\\Users\\home-desk\\github\\hackathon\\ethGlobal\\ideamarket\\packages\\react-app\\functions\\node_modules\\firebase-functions\\lib\\index.js"}} {"metadata":{"emulator":{"name":"functions"},"function":{"name":"us-central1-getLockFirebaseToken"},"message":"[runtime-status] [31460] firebase-functions has been stubbed. {\"functionsResolution\":{\"declared\":true,\"installed\":true,\"version\":\"3.16.0\",\"resolution\":\"C:\\\\Users\\\\home-desk\\\\github\\\\hackathon\\\\ethGlobal\\\\ideamarket\\\\packages\\\\react-app\\\\functions\\\\node_modules\\\\firebase-functions\\\\lib\\\\index.js\"}}"}}
[debug] [2021-11-21T01:58:11.738Z] [runtime-status] [31460] Resolved module firebase-functions {"declared":true,"installed":true,"version":"3.16.0","resolution":"C:\\Users\\home-desk\\github\\hackathon\\ethGlobal\\ideamarket\\packages\\react-app\\functions\\node_modules\\firebase-functions\\lib\\index.js"} {"metadata":{"emulator":{"name":"functions"},"function":{"name":"us-central1-getLockFirebaseToken"},"message":"[runtime-status] [31460] Resolved module firebase-functions {\"declared\":true,\"installed\":true,\"version\":\"3.16.0\",\"resolution\":\"C:\\\\Users\\\\home-desk\\\\github\\\\hackathon\\\\ethGlobal\\\\ideamarket\\\\packages\\\\react-app\\\\functions\\\\node_modules\\\\firebase-functions\\\\lib\\\\index.js\"}"}}
[debug] [2021-11-21T01:58:11.739Z] [runtime-status] [31460] Resolved module firebase-admin {"declared":true,"installed":true,"version":"9.12.0","resolution":"C:\\Users\\home-desk\\github\\hackathon\\ethGlobal\\ideamarket\\packages\\react-app\\functions\\node_modules\\firebase-admin\\lib\\index.js"} {"metadata":{"emulator":{"name":"functions"},"function":{"name":"us-central1-getLockFirebaseToken"},"message":"[runtime-status] [31460] Resolved module firebase-admin {\"declared\":true,\"installed\":true,\"version\":\"9.12.0\",\"resolution\":\"C:\\\\Users\\\\home-desk\\\\github\\\\hackathon\\\\ethGlobal\\\\ideamarket\\\\packages\\\\react-app\\\\functions\\\\node_modules\\\\firebase-admin\\\\lib\\\\index.js\"}"}}
[debug] [2021-11-21T01:58:11.740Z] [runtime-status] [31460] Resolved module firebase-functions {"declared":true,"installed":true,"version":"3.16.0","resolution":"C:\\Users\\home-desk\\github\\hackathon\\ethGlobal\\ideamarket\\packages\\react-app\\functions\\node_modules\\firebase-functions\\lib\\index.js"} {"metadata":{"emulator":{"name":"functions"},"function":{"name":"us-central1-getLockFirebaseToken"},"message":"[runtime-status] [31460] Resolved module firebase-functions {\"declared\":true,\"installed\":true,\"version\":\"3.16.0\",\"resolution\":\"C:\\\\Users\\\\home-desk\\\\github\\\\hackathon\\\\ethGlobal\\\\ideamarket\\\\packages\\\\react-app\\\\functions\\\\node_modules\\\\firebase-functions\\\\lib\\\\index.js\"}"}}
[debug] [2021-11-21T01:58:11.740Z] [runtime-status] [31460] firebase-admin has been stubbed. {"adminResolution":{"declared":true,"installed":true,"version":"9.12.0","resolution":"C:\\Users\\home-desk\\github\\hackathon\\ethGlobal\\ideamarket\\packages\\react-app\\functions\\node_modules\\firebase-admin\\lib\\index.js"}} {"metadata":{"emulator":{"name":"functions"},"function":{"name":"us-central1-getLockFirebaseToken"},"message":"[runtime-status] [31460] firebase-admin has been stubbed. {\"adminResolution\":{\"declared\":true,\"installed\":true,\"version\":\"9.12.0\",\"resolution\":\"C:\\\\Users\\\\home-desk\\\\github\\\\hackathon\\\\ethGlobal\\\\ideamarket\\\\packages\\\\react-app\\\\functions\\\\node_modules\\\\firebase-admin\\\\lib\\\\index.js\"}}"}}
[debug] [2021-11-21T01:58:11.742Z] [runtime-status] [31460] initializeApp(DEFAULT) {"storageBucket":"tidai-app.appspot.com","projectId":"tidai-app"} {"metadata":{"emulator":{"name":"functions"},"function":{"name":"us-central1-getLockFirebaseToken"},"message":"[runtime-status] [31460] initializeApp(DEFAULT) {\"storageBucket\":\"tidai-app.appspot.com\",\"projectId\":\"tidai-app\"}"}}
[info] >  Using network: rinkeby for unlock {"user":"Using network: rinkeby for unlock","metadata":{"emulator":{"name":"functions"},"function":{"name":"us-central1-getLockFirebaseToken"},"message":"\u001b[90m> \u001b[39m Using network: rinkeby for unlock"}}
[debug] [2021-11-21T01:58:11.974Z] [runtime-status] [31460] Trigger "us-central1-getLockFirebaseToken" has been found, beginning invocation! {"metadata":{"emulator":{"name":"functions"},"function":{"name":"us-central1-getLockFirebaseToken"},"message":"[runtime-status] [31460] Trigger \"us-central1-getLockFirebaseToken\" has been found, beginning invocation!"}}
[info] i  functions: Beginning execution of "us-central1-getLockFirebaseToken" {"metadata":{"emulator":{"name":"functions"},"function":{"name":"us-central1-getLockFirebaseToken"},"message":"Beginning execution of \"us-central1-getLockFirebaseToken\""}}
[debug] [2021-11-21T01:58:11.974Z] [runtime-status] [31460] triggerDefinition {"labels":{"deployment-callable":"true"},"httpsTrigger":{},"name":"getLockFirebaseToken","entryPoint":"getLockFirebaseToken","regions":["us-central1"],"region":"us-central1","id":"us-central1-getLockFirebaseToken"} {"metadata":{"emulator":{"name":"functions"},"function":{"name":"us-central1-getLockFirebaseToken"},"message":"[runtime-status] [31460] triggerDefinition {\"labels\":{\"deployment-callable\":\"true\"},\"httpsTrigger\":{},\"name\":\"getLockFirebaseToken\",\"entryPoint\":\"getLockFirebaseToken\",\"regions\":[\"us-central1\"],\"region\":\"us-central1\",\"id\":\"us-central1-getLockFirebaseToken\"}"}}
[debug] [2021-11-21T01:58:11.975Z] [runtime-status] [31460] Running us-central1-getLockFirebaseToken in signature http {"metadata":{"emulator":{"name":"functions"},"function":{"name":"us-central1-getLockFirebaseToken"},"message":"[runtime-status] [31460] Running us-central1-getLockFirebaseToken in signature http"}}
[debug] [2021-11-21T01:58:11.977Z] [runtime-status] [31460] Attempting to listen to socketPath: \\?\pipe\C:\Users\home-desk\github\hackathon\ethGlobal\ideamarket\packages\react-app\functions\31460 {"metadata":{"emulator":{"name":"functions"},"function":{"name":"us-central1-getLockFirebaseToken"},"message":"[runtime-status] [31460] Attempting to listen to socketPath: \\\\?\\pipe\\C:\\Users\\home-desk\\github\\hackathon\\ethGlobal\\ideamarket\\packages\\react-app\\functions\\31460"}}
[debug] [2021-11-21T01:58:11.980Z] [functions] Runtime ready! Sending request! {"metadata":{"emulator":{"name":"functions"},"message":"[functions] Runtime ready! Sending request!"}}
[debug] [2021-11-21T01:58:11.980Z] [functions] Got req.url=/tidai-app/us-central1/getLockFirebaseToken, mapping to path=/ {"metadata":{"emulator":{"name":"functions"},"message":"[functions] Got req.url=/tidai-app/us-central1/getLockFirebaseToken, mapping to path=/"}}
[debug] [2021-11-21T01:58:12.010Z] [runtime-status] [31460] Ephemeral server handling OPTIONS request {"metadata":{"emulator":{"name":"functions"},"function":{"name":"us-central1-getLockFirebaseToken"},"message":"[runtime-status] [31460] Ephemeral server handling OPTIONS request"}}
[debug] [2021-11-21T01:58:12.012Z] [work-queue] {"queueLength":1,"workRunningCount":1}
[debug] [2021-11-21T01:58:12.013Z] [work-queue] {"queueLength":0,"workRunningCount":2}
[debug] [2021-11-21T01:58:12.013Z] Accepted request POST /tidai-app/us-central1/getLockFirebaseToken --> us-central1-getLockFirebaseToken
[debug] [2021-11-21T01:58:12.019Z] [worker-pool] addWorker(us-central1-getLockFirebaseToken) {"metadata":{"emulator":{"name":"functions"},"message":"[worker-pool] addWorker(us-central1-getLockFirebaseToken)"}}
[debug] [2021-11-21T01:58:12.019Z] [worker-pool] Adding worker with key us-central1-getLockFirebaseToken, total=2 {"metadata":{"emulator":{"name":"functions"},"message":"[worker-pool] Adding worker with key us-central1-getLockFirebaseToken, total=2"}}
[debug] [2021-11-21T01:58:12.019Z] [worker-pool] submitWork(triggerId=us-central1-getLockFirebaseToken) {"metadata":{"emulator":{"name":"functions"},"message":"[worker-pool] submitWork(triggerId=us-central1-getLockFirebaseToken)"}}
[debug] [2021-11-21T01:58:12.019Z] [worker-us-central1-getLockFirebaseToken-b050e4df-dca2-49cd-966d-07bfefeed4fb]: Assigning socketPath: \\?\pipe\C:\Users\home-desk\github\hackathon\ethGlobal\ideamarket\packages\react-app\functions\10752 {"metadata":{"emulator":{"name":"functions"},"message":"[worker-us-central1-getLockFirebaseToken-b050e4df-dca2-49cd-966d-07bfefeed4fb]: Assigning socketPath: \\\\?\\pipe\\C:\\Users\\home-desk\\github\\hackathon\\ethGlobal\\ideamarket\\packages\\react-app\\functions\\10752"}}
[debug] [2021-11-21T01:58:12.019Z] [worker-us-central1-getLockFirebaseToken-b050e4df-dca2-49cd-966d-07bfefeed4fb]: BUSY {"metadata":{"emulator":{"name":"functions"},"message":"[worker-us-central1-getLockFirebaseToken-b050e4df-dca2-49cd-966d-07bfefeed4fb]: BUSY"}}
[debug] [2021-11-21T01:58:12.021Z] [runtime-status] [31460] Ephemeral server survived. {"metadata":{"emulator":{"name":"functions"},"function":{"name":"us-central1-getLockFirebaseToken"},"message":"[runtime-status] [31460] Ephemeral server survived."}}
[info] i  functions: Finished "us-central1-getLockFirebaseToken" in ~1s {"metadata":{"emulator":{"name":"functions"},"function":{"name":"us-central1-getLockFirebaseToken"},"message":"Finished \"us-central1-getLockFirebaseToken\" in ~1s"}}
[debug] [2021-11-21T01:58:12.022Z] [worker-us-central1-getLockFirebaseToken-68ae20bc-6e74-418d-8893-5afd9abea7a7]: IDLE {"metadata":{"emulator":{"name":"functions"},"message":"[worker-us-central1-getLockFirebaseToken-68ae20bc-6e74-418d-8893-5afd9abea7a7]: IDLE"}}
[debug] [2021-11-21T01:58:12.022Z] [work-queue] {"queueLength":0,"workRunningCount":1}
[debug] [2021-11-21T01:58:12.194Z] [runtime-status] [10752] Functions runtime initialized. {"cwd":"C:\\Users\\home-desk\\github\\hackathon\\ethGlobal\\ideamarket\\packages\\react-app\\functions","node_version":"16.10.0"} {"metadata":{"emulator":{"name":"functions"},"function":{"name":"us-central1-getLockFirebaseToken"},"message":"[runtime-status] [10752] Functions runtime initialized. {\"cwd\":\"C:\\\\Users\\\\home-desk\\\\github\\\\hackathon\\\\ethGlobal\\\\ideamarket\\\\packages\\\\react-app\\\\functions\",\"node_version\":\"16.10.0\"}"}}
[debug] [2021-11-21T01:58:12.195Z] [runtime-status] [10752] Disabled runtime features: undefined {"metadata":{"emulator":{"name":"functions"},"function":{"name":"us-central1-getLockFirebaseToken"},"message":"[runtime-status] [10752] Disabled runtime features: undefined"}}
[debug] [2021-11-21T01:58:12.198Z] [runtime-status] [10752] Resolved module firebase-admin {"declared":true,"installed":true,"version":"9.12.0","resolution":"C:\\Users\\home-desk\\github\\hackathon\\ethGlobal\\ideamarket\\packages\\react-app\\functions\\node_modules\\firebase-admin\\lib\\index.js"} {"metadata":{"emulator":{"name":"functions"},"function":{"name":"us-central1-getLockFirebaseToken"},"message":"[runtime-status] [10752] Resolved module firebase-admin {\"declared\":true,\"installed\":true,\"version\":\"9.12.0\",\"resolution\":\"C:\\\\Users\\\\home-desk\\\\github\\\\hackathon\\\\ethGlobal\\\\ideamarket\\\\packages\\\\react-app\\\\functions\\\\node_modules\\\\firebase-admin\\\\lib\\\\index.js\"}"}}
[debug] [2021-11-21T01:58:12.201Z] [runtime-status] [10752] Resolved module firebase-functions {"declared":true,"installed":true,"version":"3.16.0","resolution":"C:\\Users\\home-desk\\github\\hackathon\\ethGlobal\\ideamarket\\packages\\react-app\\functions\\node_modules\\firebase-functions\\lib\\index.js"} {"metadata":{"emulator":{"name":"functions"},"function":{"name":"us-central1-getLockFirebaseToken"},"message":"[runtime-status] [10752] Resolved module firebase-functions {\"declared\":true,\"installed\":true,\"version\":\"3.16.0\",\"resolution\":\"C:\\\\Users\\\\home-desk\\\\github\\\\hackathon\\\\ethGlobal\\\\ideamarket\\\\packages\\\\react-app\\\\functions\\\\node_modules\\\\firebase-functions\\\\lib\\\\index.js\"}"}}
[debug] [2021-11-21T01:58:12.203Z] [runtime-status] [10752] Outgoing network have been stubbed. [{"name":"http","status":"mocked"},{"name":"http","status":"mocked"},{"name":"https","status":"mocked"},{"name":"https","status":"mocked"},{"name":"net","status":"mocked"}] {"metadata":{"emulator":{"name":"functions"},"function":{"name":"us-central1-getLockFirebaseToken"},"message":"[runtime-status] [10752] Outgoing network have been stubbed. [{\"name\":\"http\",\"status\":\"mocked\"},{\"name\":\"http\",\"status\":\"mocked\"},{\"name\":\"https\",\"status\":\"mocked\"},{\"name\":\"https\",\"status\":\"mocked\"},{\"name\":\"net\",\"status\":\"mocked\"}]"}}
[debug] [2021-11-21T01:58:12.205Z] [runtime-status] [10752] Resolved module firebase-functions {"declared":true,"installed":true,"version":"3.16.0","resolution":"C:\\Users\\home-desk\\github\\hackathon\\ethGlobal\\ideamarket\\packages\\react-app\\functions\\node_modules\\firebase-functions\\lib\\index.js"} {"metadata":{"emulator":{"name":"functions"},"function":{"name":"us-central1-getLockFirebaseToken"},"message":"[runtime-status] [10752] Resolved module firebase-functions {\"declared\":true,\"installed\":true,\"version\":\"3.16.0\",\"resolution\":\"C:\\\\Users\\\\home-desk\\\\github\\\\hackathon\\\\ethGlobal\\\\ideamarket\\\\packages\\\\react-app\\\\functions\\\\node_modules\\\\firebase-functions\\\\lib\\\\index.js\"}"}}
[debug] [2021-11-21T01:58:12.250Z] [runtime-status] [10752] Checked functions.config() {"config":{"unlock":{"secret":"7|opKmrR47h&L!~V;_TU,[rA5D8>5S","network":"rinkeby"}}} {"metadata":{"emulator":{"name":"functions"},"function":{"name":"us-central1-getLockFirebaseToken"},"message":"[runtime-status] [10752] Checked functions.config() {\"config\":{\"unlock\":{\"secret\":\"7|opKmrR47h&L!~V;_TU,[rA5D8>5S\",\"network\":\"rinkeby\"}}}"}}
[debug] [2021-11-21T01:58:12.251Z] [runtime-status] [10752] firebase-functions has been stubbed. {"functionsResolution":{"declared":true,"installed":true,"version":"3.16.0","resolution":"C:\\Users\\home-desk\\github\\hackathon\\ethGlobal\\ideamarket\\packages\\react-app\\functions\\node_modules\\firebase-functions\\lib\\index.js"}} {"metadata":{"emulator":{"name":"functions"},"function":{"name":"us-central1-getLockFirebaseToken"},"message":"[runtime-status] [10752] firebase-functions has been stubbed. {\"functionsResolution\":{\"declared\":true,\"installed\":true,\"version\":\"3.16.0\",\"resolution\":\"C:\\\\Users\\\\home-desk\\\\github\\\\hackathon\\\\ethGlobal\\\\ideamarket\\\\packages\\\\react-app\\\\functions\\\\node_modules\\\\firebase-functions\\\\lib\\\\index.js\"}}"}}
[debug] [2021-11-21T01:58:12.251Z] [runtime-status] [10752] Resolved module firebase-functions {"declared":true,"installed":true,"version":"3.16.0","resolution":"C:\\Users\\home-desk\\github\\hackathon\\ethGlobal\\ideamarket\\packages\\react-app\\functions\\node_modules\\firebase-functions\\lib\\index.js"} {"metadata":{"emulator":{"name":"functions"},"function":{"name":"us-central1-getLockFirebaseToken"},"message":"[runtime-status] [10752] Resolved module firebase-functions {\"declared\":true,\"installed\":true,\"version\":\"3.16.0\",\"resolution\":\"C:\\\\Users\\\\home-desk\\\\github\\\\hackathon\\\\ethGlobal\\\\ideamarket\\\\packages\\\\react-app\\\\functions\\\\node_modules\\\\firebase-functions\\\\lib\\\\index.js\"}"}}
[debug] [2021-11-21T01:58:12.253Z] [runtime-status] [10752] Resolved module firebase-admin {"declared":true,"installed":true,"version":"9.12.0","resolution":"C:\\Users\\home-desk\\github\\hackathon\\ethGlobal\\ideamarket\\packages\\react-app\\functions\\node_modules\\firebase-admin\\lib\\index.js"} {"metadata":{"emulator":{"name":"functions"},"function":{"name":"us-central1-getLockFirebaseToken"},"message":"[runtime-status] [10752] Resolved module firebase-admin {\"declared\":true,\"installed\":true,\"version\":\"9.12.0\",\"resolution\":\"C:\\\\Users\\\\home-desk\\\\github\\\\hackathon\\\\ethGlobal\\\\ideamarket\\\\packages\\\\react-app\\\\functions\\\\node_modules\\\\firebase-admin\\\\lib\\\\index.js\"}"}}
[debug] [2021-11-21T01:58:12.253Z] [runtime-status] [10752] Resolved module firebase-functions {"declared":true,"installed":true,"version":"3.16.0","resolution":"C:\\Users\\home-desk\\github\\hackathon\\ethGlobal\\ideamarket\\packages\\react-app\\functions\\node_modules\\firebase-functions\\lib\\index.js"} {"metadata":{"emulator":{"name":"functions"},"function":{"name":"us-central1-getLockFirebaseToken"},"message":"[runtime-status] [10752] Resolved module firebase-functions {\"declared\":true,\"installed\":true,\"version\":\"3.16.0\",\"resolution\":\"C:\\\\Users\\\\home-desk\\\\github\\\\hackathon\\\\ethGlobal\\\\ideamarket\\\\packages\\\\react-app\\\\functions\\\\node_modules\\\\firebase-functions\\\\lib\\\\index.js\"}"}}
[debug] [2021-11-21T01:58:12.253Z] [runtime-status] [10752] firebase-admin has been stubbed. {"adminResolution":{"declared":true,"installed":true,"version":"9.12.0","resolution":"C:\\Users\\home-desk\\github\\hackathon\\ethGlobal\\ideamarket\\packages\\react-app\\functions\\node_modules\\firebase-admin\\lib\\index.js"}} {"metadata":{"emulator":{"name":"functions"},"function":{"name":"us-central1-getLockFirebaseToken"},"message":"[runtime-status] [10752] firebase-admin has been stubbed. {\"adminResolution\":{\"declared\":true,\"installed\":true,\"version\":\"9.12.0\",\"resolution\":\"C:\\\\Users\\\\home-desk\\\\github\\\\hackathon\\\\ethGlobal\\\\ideamarket\\\\packages\\\\react-app\\\\functions\\\\node_modules\\\\firebase-admin\\\\lib\\\\index.js\"}}"}}
[debug] [2021-11-21T01:58:12.255Z] [runtime-status] [10752] initializeApp(DEFAULT) {"storageBucket":"tidai-app.appspot.com","projectId":"tidai-app"} {"metadata":{"emulator":{"name":"functions"},"function":{"name":"us-central1-getLockFirebaseToken"},"message":"[runtime-status] [10752] initializeApp(DEFAULT) {\"storageBucket\":\"tidai-app.appspot.com\",\"projectId\":\"tidai-app\"}"}}
[info] >  Using network: rinkeby for unlock {"user":"Using network: rinkeby for unlock","metadata":{"emulator":{"name":"functions"},"function":{"name":"us-central1-getLockFirebaseToken"},"message":"\u001b[90m> \u001b[39m Using network: rinkeby for unlock"}}
[debug] [2021-11-21T01:58:12.480Z] [runtime-status] [10752] Trigger "us-central1-getLockFirebaseToken" has been found, beginning invocation! {"metadata":{"emulator":{"name":"functions"},"function":{"name":"us-central1-getLockFirebaseToken"},"message":"[runtime-status] [10752] Trigger \"us-central1-getLockFirebaseToken\" has been found, beginning invocation!"}}
[info] i  functions: Beginning execution of "us-central1-getLockFirebaseToken" {"metadata":{"emulator":{"name":"functions"},"function":{"name":"us-central1-getLockFirebaseToken"},"message":"Beginning execution of \"us-central1-getLockFirebaseToken\""}}
[debug] [2021-11-21T01:58:12.481Z] [runtime-status] [10752] triggerDefinition {"labels":{"deployment-callable":"true"},"httpsTrigger":{},"name":"getLockFirebaseToken","entryPoint":"getLockFirebaseToken","regions":["us-central1"],"region":"us-central1","id":"us-central1-getLockFirebaseToken"} {"metadata":{"emulator":{"name":"functions"},"function":{"name":"us-central1-getLockFirebaseToken"},"message":"[runtime-status] [10752] triggerDefinition {\"labels\":{\"deployment-callable\":\"true\"},\"httpsTrigger\":{},\"name\":\"getLockFirebaseToken\",\"entryPoint\":\"getLockFirebaseToken\",\"regions\":[\"us-central1\"],\"region\":\"us-central1\",\"id\":\"us-central1-getLockFirebaseToken\"}"}}
[debug] [2021-11-21T01:58:12.481Z] [runtime-status] [10752] Running us-central1-getLockFirebaseToken in signature http {"metadata":{"emulator":{"name":"functions"},"function":{"name":"us-central1-getLockFirebaseToken"},"message":"[runtime-status] [10752] Running us-central1-getLockFirebaseToken in signature http"}}
[debug] [2021-11-21T01:58:12.484Z] [runtime-status] [10752] Attempting to listen to socketPath: \\?\pipe\C:\Users\home-desk\github\hackathon\ethGlobal\ideamarket\packages\react-app\functions\10752 {"metadata":{"emulator":{"name":"functions"},"function":{"name":"us-central1-getLockFirebaseToken"},"message":"[runtime-status] [10752] Attempting to listen to socketPath: \\\\?\\pipe\\C:\\Users\\home-desk\\github\\hackathon\\ethGlobal\\ideamarket\\packages\\react-app\\functions\\10752"}}
[debug] [2021-11-21T01:58:12.486Z] [functions] Runtime ready! Sending request! {"metadata":{"emulator":{"name":"functions"},"message":"[functions] Runtime ready! Sending request!"}}
[debug] [2021-11-21T01:58:12.486Z] [functions] Got req.url=/tidai-app/us-central1/getLockFirebaseToken, mapping to path=/ {"metadata":{"emulator":{"name":"functions"},"message":"[functions] Got req.url=/tidai-app/us-central1/getLockFirebaseToken, mapping to path=/"}}
[debug] [2021-11-21T01:58:12.528Z] [runtime-status] [10752] Ephemeral server handling POST request {"metadata":{"emulator":{"name":"functions"},"function":{"name":"us-central1-getLockFirebaseToken"},"message":"[runtime-status] [10752] Ephemeral server handling POST request"}}
[info] >  {"verifications":{"app":"MISSING","auth":"MISSING"},"logging.googleapis.com/labels":{"firebase-log-type":"callable-request-verification"},"severity":"INFO","message":"Callable request verification passed"} {"user":{"verifications":{"app":"MISSING","auth":"MISSING"},"logging.googleapis.com/labels":{"firebase-log-type":"callable-request-verification"},"severity":"INFO","message":"Callable request verification passed"},"metadata":{"emulator":{"name":"functions"},"function":{"name":"us-central1-getLockFirebaseToken"},"message":"\u001b[90m> \u001b[39m {\"verifications\":{\"app\":\"MISSING\",\"auth\":\"MISSING\"},\"logging.googleapis.com/labels\":{\"firebase-log-type\":\"callable-request-verification\"},\"severity\":\"INFO\",\"message\":\"Callable request verification passed\"}"}}
[debug] [2021-11-21T01:58:12.531Z] [runtime-status] [10752] No callable functions auth found {"metadata":{"emulator":{"name":"functions"},"function":{"name":"us-central1-getLockFirebaseToken"},"message":"[runtime-status] [10752] No callable functions auth found"}}
[info] >  createToken(0x28db2b440686a1adca8d841b090330d88234a8c9, 7|opKmrR47h&L!~V;_TU,[rA5D8>5S) -> 0x5e2e286cdcd5c4d6f67361388c06071659ddbef31b291b2e987a09df4a026beb {"user":"createToken(0x28db2b440686a1adca8d841b090330d88234a8c9, 7|opKmrR47h&L!~V;_TU,[rA5D8>5S) -> 0x5e2e286cdcd5c4d6f67361388c06071659ddbef31b291b2e987a09df4a026beb","metadata":{"emulator":{"name":"functions"},"function":{"name":"us-central1-getLockFirebaseToken"},"message":"\u001b[90m> \u001b[39m createToken(0x28db2b440686a1adca8d841b090330d88234a8c9, 7|opKmrR47h&L!~V;_TU,[rA5D8>5S) -> 0x5e2e286cdcd5c4d6f67361388c06071659ddbef31b291b2e987a09df4a026beb"}}
[info] >  message: Verify ownership of 0x28db2b440686a1adca8d841b090330d88234a8c9: novuminsights.com::0x5e2e286cdcd5c4d6f67361388c06071659ddbef31b291b2e987a09df4a026beb {"user":"message: Verify ownership of 0x28db2b440686a1adca8d841b090330d88234a8c9: novuminsights.com::0x5e2e286cdcd5c4d6f67361388c06071659ddbef31b291b2e987a09df4a026beb","metadata":{"emulator":{"name":"functions"},"function":{"name":"us-central1-getLockFirebaseToken"},"message":"\u001b[90m> \u001b[39m message: Verify ownership of 0x28db2b440686a1adca8d841b090330d88234a8c9: novuminsights.com::0x5e2e286cdcd5c4d6f67361388c06071659ddbef31b291b2e987a09df4a026beb"}}
[info] >  recoveredAddress: 0x28Db2b440686A1adCA8d841b090330d88234A8c9 address: 0x28db2b440686a1adca8d841b090330d88234a8c9 false {"user":"recoveredAddress: 0x28Db2b440686A1adCA8d841b090330d88234A8c9 address: 0x28db2b440686a1adca8d841b090330d88234a8c9 false","metadata":{"emulator":{"name":"functions"},"function":{"name":"us-central1-getLockFirebaseToken"},"message":"\u001b[90m> \u001b[39m recoveredAddress: 0x28Db2b440686A1adCA8d841b090330d88234A8c9 address: 0x28db2b440686a1adca8d841b090330d88234a8c9 false"}}
[debug] [2021-11-21T01:58:13.139Z] [runtime-status] [10752] Ephemeral server survived. {"metadata":{"emulator":{"name":"functions"},"function":{"name":"us-central1-getLockFirebaseToken"},"message":"[runtime-status] [10752] Ephemeral server survived."}}
[info] i  functions: Finished "us-central1-getLockFirebaseToken" in ~1s {"metadata":{"emulator":{"name":"functions"},"function":{"name":"us-central1-getLockFirebaseToken"},"message":"Finished \"us-central1-getLockFirebaseToken\" in ~1s"}}
[debug] [2021-11-21T01:58:13.140Z] [worker-us-central1-getLockFirebaseToken-b050e4df-dca2-49cd-966d-07bfefeed4fb]: IDLE {"metadata":{"emulator":{"name":"functions"},"message":"[worker-us-central1-getLockFirebaseToken-b050e4df-dca2-49cd-966d-07bfefeed4fb]: IDLE"}}
[debug] [2021-11-21T01:58:13.141Z] [work-queue] {"queueLength":0,"workRunningCount":0}
[debug] [2021-11-21T01:58:13.149Z] >>> [apiv2][query] POST http://localhost:5001/functions/projects/tidai-app/trigger_multicast [none]
[debug] [2021-11-21T01:58:13.149Z] >>> [apiv2][body] POST http://localhost:5001/functions/projects/tidai-app/trigger_multicast {"eventId":"7beddf57-b71e-4a16-a609-b189929ccedf","eventType":"providers/firebase.auth/eventTypes/user.create","resource":{"name":"projects/tidai-app","service":"firebaseauth.googleapis.com"},"params":{},"timestamp":"2021-11-21T01:58:13.149Z","data":{"uid":"0x28db2b440686a1adca8d841b090330d88234a8c9","metadata":{"creationTime":"1637459893149","lastSignInTime":"1637459893149"},"customClaims":{}}}
[debug] [2021-11-21T01:58:13.155Z] <<< [apiv2][status] POST http://localhost:5001/functions/projects/tidai-app/trigger_multicast 200
[debug] [2021-11-21T01:58:13.155Z] <<< [apiv2][body] POST http://localhost:5001/functions/projects/tidai-app/trigger_multicast {"status":"multicast_acknowledged"}
[debug] [2021-11-21T01:58:13.209Z] Nov 20, 2021 8:58:13 PM io.gapi.emulators.netty.HttpVersionRoutingHandler channelRead
INFO: Detected non-HTTP/2 connection.
 {"metadata":{"emulator":{"name":"firestore"},"message":"Nov 20, 2021 8:58:13 PM io.gapi.emulators.netty.HttpVersionRoutingHandler channelRead\r\nINFO: Detected non-HTTP/2 connection.\r\n"}}
[debug] [2021-11-21T01:58:13.636Z] Nov 20, 2021 8:58:13 PM com.google.cloud.datastore.emulator.firestore.websocket.WebSocketChannelHandler initChannel
INFO: Connected to new websocket client
 {"metadata":{"emulator":{"name":"firestore"},"message":"Nov 20, 2021 8:58:13 PM com.google.cloud.datastore.emulator.firestore.websocket.WebSocketChannelHandler initChannel\r\nINFO: Connected to new websocket client\r\n"}}
[debug] [2021-11-21T02:00:25.240Z] Nov 20, 2021 9:00:25 PM io.gapi.emulators.netty.HttpVersionRoutingHandler channelRead
INFO: Detected non-HTTP/2 connection.
 {"metadata":{"emulator":{"name":"firestore"},"message":"Nov 20, 2021 9:00:25 PM io.gapi.emulators.netty.HttpVersionRoutingHandler channelRead\r\nINFO: Detected non-HTTP/2 connection.\r\n"}}
[debug] [2021-11-21T02:00:25.567Z] Nov 20, 2021 9:00:25 PM com.google.cloud.datastore.emulator.firestore.websocket.WebSocketChannelHandler initChannel
INFO: Connected to new websocket client
 {"metadata":{"emulator":{"name":"firestore"},"message":"Nov 20, 2021 9:00:25 PM com.google.cloud.datastore.emulator.firestore.websocket.WebSocketChannelHandler initChannel\r\nINFO: Connected to new websocket client\r\n"}}
[debug] [2021-11-21T02:00:26.238Z] Nov 20, 2021 9:00:26 PM com.google.cloud.datastore.emulator.firestore.websocket.WebSocketChannelHandler channelClosed
INFO: Websocket client disconnected
 {"metadata":{"emulator":{"name":"firestore"},"message":"Nov 20, 2021 9:00:26 PM com.google.cloud.datastore.emulator.firestore.websocket.WebSocketChannelHandler channelClosed\r\nINFO: Websocket client disconnected\r\n"}}
